<?xml version="1.0" encoding="UTF-8"?>
<!-- Generated by org.testng.reporters.JUnitReportReporter -->
<testsuite skipped="0" hostname="DESKTOP-GJ6R6OG" name="com.test.ExceptionTimeOutTest" tests="1" failures="0" timestamp="12 Jan 2019 06:30:27 GMT" time="0.008" errors="0">
  <testcase name="test1" time="0.008" classname="com.test.ExceptionTimeOutTest"/>
</testsuite> <!-- com.test.ExceptionTimeOutTest -->
