<?xml version="1.0" encoding="UTF-8"?>
<!-- Generated by org.testng.reporters.JUnitReportReporter -->
<testsuite skipped="1" hostname="DESKTOP-GJ6R6OG" name="com.datadriven.test.HalfEbdayTest" tests="1" failures="0" timestamp="03 Jan 2020 06:09:38 GMT" time="0.000" errors="0">
  <testcase name="halfEbayRegPageTest" time="0.000" classname="com.datadriven.test.HalfEbdayTest">
    <skipped/>
  </testcase> <!-- halfEbayRegPageTest -->
</testsuite> <!-- com.datadriven.test.HalfEbdayTest -->
